  ControlUnit.cpp
c:\users\qiuyh\source\repos\virtualrouterproject\virtualrouterproject\utils.h(29): fatal error C1083: 无法打开包括文件: “json\json.h”: No such file or directory
  json_reader.cpp
c:\users\qiuyh\source\repos\virtualrouterproject\virtualrouterproject\json\src\lib_json\json_reader.cpp(1): fatal error C1083: 无法打开包括文件: “json/reader.h”: No such file or directory
  json_value.cpp
c:\users\qiuyh\source\repos\virtualrouterproject\virtualrouterproject\json\src\lib_json\json_value.cpp(2): fatal error C1083: 无法打开包括文件: “json/value.h”: No such file or directory
  json_writer.cpp
c:\users\qiuyh\source\repos\virtualrouterproject\virtualrouterproject\json\src\lib_json\json_writer.cpp(1): fatal error C1083: 无法打开包括文件: “json/writer.h”: No such file or directory
  main.cpp
c:\users\qiuyh\source\repos\virtualrouterproject\virtualrouterproject\utils.h(29): fatal error C1083: 无法打开包括文件: “json\json.h”: No such file or directory
  Message.cpp
c:\users\qiuyh\source\repos\virtualrouterproject\virtualrouterproject\utils.h(29): fatal error C1083: 无法打开包括文件: “json\json.h”: No such file or directory
  RouterWithDV.cpp
c:\users\qiuyh\source\repos\virtualrouterproject\virtualrouterproject\utils.h(29): fatal error C1083: 无法打开包括文件: “json\json.h”: No such file or directory
  RouterWithLS.cpp
c:\users\qiuyh\source\repos\virtualrouterproject\virtualrouterproject\utils.h(29): fatal error C1083: 无法打开包括文件: “json\json.h”: No such file or directory
  SocketService.cpp
c:\users\qiuyh\source\repos\virtualrouterproject\virtualrouterproject\utils.h(29): fatal error C1083: 无法打开包括文件: “json\json.h”: No such file or directory
  utils.cpp
c:\users\qiuyh\source\repos\virtualrouterproject\virtualrouterproject\utils.h(29): fatal error C1083: 无法打开包括文件: “json\json.h”: No such file or directory
