d:\github\comnetproject2\virtualrouterproject\virtualrouterproject\x64\debug\vc141.pdb
d:\github\comnetproject2\virtualrouterproject\virtualrouterproject\x64\debug\vc141.idb
d:\github\comnetproject2\virtualrouterproject\virtualrouterproject\x64\debug\utils.obj
d:\github\comnetproject2\virtualrouterproject\virtualrouterproject\x64\debug\socketservice.obj
d:\github\comnetproject2\virtualrouterproject\virtualrouterproject\x64\debug\routerwithls.obj
d:\github\comnetproject2\virtualrouterproject\virtualrouterproject\x64\debug\routerwithdv.obj
d:\github\comnetproject2\virtualrouterproject\virtualrouterproject\x64\debug\message.obj
d:\github\comnetproject2\virtualrouterproject\virtualrouterproject\x64\debug\main.obj
d:\github\comnetproject2\virtualrouterproject\virtualrouterproject\x64\debug\json_writer.obj
d:\github\comnetproject2\virtualrouterproject\virtualrouterproject\x64\debug\json_value.obj
d:\github\comnetproject2\virtualrouterproject\virtualrouterproject\x64\debug\json_reader.obj
d:\github\comnetproject2\virtualrouterproject\virtualrouterproject\x64\debug\controlunit.obj
c:\users\wang\desktop\virtualrouterproject\virtualrouterproject\x64\debug\vc141.pdb
c:\users\wang\desktop\virtualrouterproject\virtualrouterproject\x64\debug\vc141.idb
c:\users\wang\desktop\virtualrouterproject\virtualrouterproject\x64\debug\utils.obj
c:\users\wang\desktop\virtualrouterproject\virtualrouterproject\x64\debug\socketservice.obj
c:\users\wang\desktop\virtualrouterproject\virtualrouterproject\x64\debug\routerwithls.obj
c:\users\wang\desktop\virtualrouterproject\virtualrouterproject\x64\debug\routerwithdv.obj
c:\users\wang\desktop\virtualrouterproject\virtualrouterproject\x64\debug\message.obj
c:\users\wang\desktop\virtualrouterproject\virtualrouterproject\x64\debug\main.obj
c:\users\wang\desktop\virtualrouterproject\virtualrouterproject\x64\debug\json_writer.obj
c:\users\wang\desktop\virtualrouterproject\virtualrouterproject\x64\debug\json_value.obj
c:\users\wang\desktop\virtualrouterproject\virtualrouterproject\x64\debug\json_reader.obj
c:\users\wang\desktop\virtualrouterproject\virtualrouterproject\x64\debug\controlunit.obj
d:\github\comnetproject2\virtualrouterproject\x64\debug\virtualrouterproject.exe
d:\github\comnetproject2\virtualrouterproject\x64\debug\virtualrouterproject.ilk
d:\github\comnetproject2\virtualrouterproject\x64\debug\virtualrouterproject.pdb
c:\users\wang\desktop\virtualrouterproject\x64\debug\virtualrouterproject.exe
c:\users\wang\desktop\virtualrouterproject\x64\debug\virtualrouterproject.ilk
c:\users\wang\desktop\virtualrouterproject\x64\debug\virtualrouterproject.pdb
c:\users\wang\desktop\virtualrouterproject\virtualrouterproject\x64\debug\virtualr.924f12f1.tlog\cl.command.1.tlog
c:\users\wang\desktop\virtualrouterproject\virtualrouterproject\x64\debug\virtualr.924f12f1.tlog\cl.read.1.tlog
c:\users\wang\desktop\virtualrouterproject\virtualrouterproject\x64\debug\virtualr.924f12f1.tlog\cl.write.1.tlog
c:\users\wang\desktop\virtualrouterproject\virtualrouterproject\x64\debug\virtualr.924f12f1.tlog\link.command.1.tlog
c:\users\wang\desktop\virtualrouterproject\virtualrouterproject\x64\debug\virtualr.924f12f1.tlog\link.read.1.tlog
c:\users\wang\desktop\virtualrouterproject\virtualrouterproject\x64\debug\virtualr.924f12f1.tlog\link.write.1.tlog
